# JRE version: Java(TM) SE Runtime Environment (7.0_80-b15) (build 1.7.0_80-b15)
# Java VM: Java HotSpot(TM) 64-Bit Server VM (24.80-b11 mixed mode windows-amd64 compressed oops)
Heap
 PSYoungGen      total 189440K, used 91819K [0x00000000eaa80000, 0x0000000100000000, 0x0000000100000000)
  eden space 117248K, 78% used [0x00000000eaa80000,0x00000000f042ae38,0x00000000f1d00000)
  from space 72192K, 0% used [0x00000000fb980000,0x00000000fb980000,0x0000000100000000)
  to   space 116224K, 0% used [0x00000000f1d00000,0x00000000f1d00000,0x00000000f8e80000)
 ParOldGen       total 497664K, used 328175K [0x00000000c0000000, 0x00000000de600000, 0x00000000eaa80000)
  object space 497664K, 65% used [0x00000000c0000000,0x00000000d407bc50,0x00000000de600000)
 PSPermGen       total 21504K, used 5827K [0x00000000bae00000, 0x00000000bc300000, 0x00000000c0000000)
  object space 21504K, 27% used [0x00000000bae00000,0x00000000bb3b0f70,0x00000000bc300000)
GC Heap History (10 events):
Event: 32.928 GC heap before
{Heap before GC invocations=16 (full 3):
 PSYoungGen      total 276992K, used 31731K [0x00000000eaa80000, 0x0000000100000000, 0x0000000100000000)
  eden space 204288K, 0% used [0x00000000eaa80000,0x00000000eaa80000,0x00000000f7200000)
  from space 72704K, 43% used [0x00000000f7200000,0x00000000f90fcda8,0x00000000fb900000)
  to   space 69120K, 0% used [0x00000000fbc80000,0x00000000fbc80000,0x0000000100000000)
 ParOldGen       total 208896K, used 190434K [0x00000000c0000000, 0x00000000ccc00000, 0x00000000eaa80000)
  object space 208896K, 91% used [0x00000000c0000000,0x00000000cb9f8b90,0x00000000ccc00000)
 PSPermGen       total 21504K, used 5769K [0x00000000bae00000, 0x00000000bc300000, 0x00000000c0000000)
  object space 21504K, 26% used [0x00000000bae00000,0x00000000bb3a26a8,0x00000000bc300000)
Event: 34.367 GC heap after
Heap after GC invocations=16 (full 3):
 PSYoungGen      total 276992K, used 8561K [0x00000000eaa80000, 0x0000000100000000, 0x0000000100000000)
  eden space 204288K, 0% used [0x00000000eaa80000,0x00000000eaa80000,0x00000000f7200000)
  from space 72704K, 11% used [0x00000000f7200000,0x00000000f7a5c460,0x00000000fb900000)
  to   space 69120K, 0% used [0x00000000fbc80000,0x00000000fbc80000,0x0000000100000000)
 ParOldGen       total 334336K, used 208738K [0x00000000c0000000, 0x00000000d4680000, 0x00000000eaa80000)
  object space 334336K, 62% used [0x00000000c0000000,0x00000000ccbd8860,0x00000000d4680000)
 PSPermGen       total 21504K, used 5769K [0x00000000bae00000, 0x00000000bc300000, 0x00000000c0000000)
  object space 21504K, 26% used [0x00000000bae00000,0x00000000bb3a2628,0x00000000bc300000)
}
Event: 35.605 GC heap before
{Heap before GC invocations=17 (full 3):
 PSYoungGen      total 276992K, used 212849K [0x00000000eaa80000, 0x0000000100000000, 0x0000000100000000)
  eden space 204288K, 100% used [0x00000000eaa80000,0x00000000f7200000,0x00000000f7200000)
  from space 72704K, 11% used [0x00000000f7200000,0x00000000f7a5c460,0x00000000fb900000)
  to   space 69120K, 0% used [0x00000000fbc80000,0x00000000fbc80000,0x0000000100000000)
 ParOldGen       total 334336K, used 208738K [0x00000000c0000000, 0x00000000d4680000, 0x00000000eaa80000)
  object space 334336K, 62% used [0x00000000c0000000,0x00000000ccbd8860,0x00000000d4680000)
 PSPermGen       total 21504K, used 5814K [0x00000000bae00000, 0x00000000bc300000, 0x00000000c0000000)
  object space 21504K, 27% used [0x00000000bae00000,0x00000000bb3ad9e8,0x00000000bc300000)
Event: 35.826 GC heap after
Heap after GC invocations=17 (full 3):
 PSYoungGen      total 274432K, used 40547K [0x00000000eaa80000, 0x00000000ffd80000, 0x0000000100000000)
  eden space 207872K, 0% used [0x00000000eaa80000,0x00000000eaa80000,0x00000000f7580000)
  from space 66560K, 60% used [0x00000000fbc80000,0x00000000fe418df8,0x00000000ffd80000)
  to   space 69632K, 0% used [0x00000000f7580000,0x00000000f7580000,0x00000000fb980000)
 ParOldGen       total 334336K, used 208738K [0x00000000c0000000, 0x00000000d4680000, 0x00000000eaa80000)
  object space 334336K, 62% used [0x00000000c0000000,0x00000000ccbd8860,0x00000000d4680000)
 PSPermGen       total 21504K, used 5814K [0x00000000bae00000, 0x00000000bc300000, 0x00000000c0000000)
  object space 21504K, 27% used [0x00000000bae00000,0x00000000bb3ad9e8,0x00000000bc300000)
}
Event: 38.663 GC heap before
{Heap before GC invocations=18 (full 3):
 PSYoungGen      total 274432K, used 248419K [0x00000000eaa80000, 0x00000000ffd80000, 0x0000000100000000)
  eden space 207872K, 100% used [0x00000000eaa80000,0x00000000f7580000,0x00000000f7580000)
  from space 66560K, 60% used [0x00000000fbc80000,0x00000000fe418df8,0x00000000ffd80000)
  to   space 69632K, 0% used [0x00000000f7580000,0x00000000f7580000,0x00000000fb980000)
 ParOldGen       total 334336K, used 208738K [0x00000000c0000000, 0x00000000d4680000, 0x00000000eaa80000)
  object space 334336K, 62% used [0x00000000c0000000,0x00000000ccbd8860,0x00000000d4680000)
 PSPermGen       total 21504K, used 5819K [0x00000000bae00000, 0x00000000bc300000, 0x00000000c0000000)
  object space 21504K, 27% used [0x00000000bae00000,0x00000000bb3aef30,0x00000000bc300000)
Event: 39.229 GC heap after
Heap after GC invocations=18 (full 3):
 PSYoungGen      total 277504K, used 69618K [0x00000000eaa80000, 0x0000000100000000, 0x0000000100000000)
  eden space 207872K, 0% used [0x00000000eaa80000,0x00000000eaa80000,0x00000000f7580000)
  from space 69632K, 99% used [0x00000000f7580000,0x00000000fb97cb10,0x00000000fb980000)
  to   space 72192K, 0% used [0x00000000fb980000,0x00000000fb980000,0x0000000100000000)
 ParOldGen       total 334336K, used 231278K [0x00000000c0000000, 0x00000000d4680000, 0x00000000eaa80000)
  object space 334336K, 69% used [0x00000000c0000000,0x00000000ce1db868,0x00000000d4680000)
 PSPermGen       total 21504K, used 5819K [0x00000000bae00000, 0x00000000bc300000, 0x00000000c0000000)
  object space 21504K, 27% used [0x00000000bae00000,0x00000000bb3aef30,0x00000000bc300000)
}
Event: 42.670 GC heap before
{Heap before GC invocations=19 (full 3):
 PSYoungGen      total 277504K, used 277490K [0x00000000eaa80000, 0x0000000100000000, 0x0000000100000000)
  eden space 207872K, 100% used [0x00000000eaa80000,0x00000000f7580000,0x00000000f7580000)
  from space 69632K, 99% used [0x00000000f7580000,0x00000000fb97cb10,0x00000000fb980000)
  to   space 72192K, 0% used [0x00000000fb980000,0x00000000fb980000,0x0000000100000000)
 ParOldGen       total 334336K, used 231278K [0x00000000c0000000, 0x00000000d4680000, 0x00000000eaa80000)
  object space 334336K, 69% used [0x00000000c0000000,0x00000000ce1db868,0x00000000d4680000)
 PSPermGen       total 21504K, used 5825K [0x00000000bae00000, 0x00000000bc300000, 0x00000000c0000000)
  object space 21504K, 27% used [0x00000000bae00000,0x00000000bb3b07f8,0x00000000bc300000)
Event: 43.244 GC heap after
Heap after GC invocations=19 (full 3):
 PSYoungGen      total 189440K, used 72184K [0x00000000eaa80000, 0x0000000100000000, 0x0000000100000000)
  eden space 117248K, 0% used [0x00000000eaa80000,0x00000000eaa80000,0x00000000f1d00000)
  from space 72192K, 99% used [0x00000000fb980000,0x00000000ffffe180,0x0000000100000000)
  to   space 116224K, 0% used [0x00000000f1d00000,0x00000000f1d00000,0x00000000f8e80000)
 ParOldGen       total 334336K, used 300483K [0x00000000c0000000, 0x00000000d4680000, 0x00000000eaa80000)
  object space 334336K, 89% used [0x00000000c0000000,0x00000000d2570f78,0x00000000d4680000)
 PSPermGen       total 21504K, used 5825K [0x00000000bae00000, 0x00000000bc300000, 0x00000000c0000000)
  object space 21504K, 27% used [0x00000000bae00000,0x00000000bb3b07f8,0x00000000bc300000)
}
Event: 43.244 GC heap before
{Heap before GC invocations=20 (full 4):
 PSYoungGen      total 189440K, used 72184K [0x00000000eaa80000, 0x0000000100000000, 0x0000000100000000)
  eden space 117248K, 0% used [0x00000000eaa80000,0x00000000eaa80000,0x00000000f1d00000)
  from space 72192K, 99% used [0x00000000fb980000,0x00000000ffffe180,0x0000000100000000)
  to   space 116224K, 0% used [0x00000000f1d00000,0x00000000f1d00000,0x00000000f8e80000)
 ParOldGen       total 334336K, used 300483K [0x00000000c0000000, 0x00000000d4680000, 0x00000000eaa80000)
  object space 334336K, 89% used [0x00000000c0000000,0x00000000d2570f78,0x00000000d4680000)
 PSPermGen       total 21504K, used 5825K [0x00000000bae00000, 0x00000000bc300000, 0x00000000c0000000)
  object space 21504K, 27% used [0x00000000bae00000,0x00000000bb3b07f8,0x00000000bc300000)
Event: 46.031 GC heap after
Heap after GC invocations=20 (full 4):
 PSYoungGen      total 189440K, used 0K [0x00000000eaa80000, 0x0000000100000000, 0x0000000100000000)
  eden space 117248K, 0% used [0x00000000eaa80000,0x00000000eaa80000,0x00000000f1d00000)
  from space 72192K, 0% used [0x00000000fb980000,0x00000000fb980000,0x0000000100000000)
  to   space 116224K, 0% used [0x00000000f1d00000,0x00000000f1d00000,0x00000000f8e80000)
 ParOldGen       total 497664K, used 328175K [0x00000000c0000000, 0x00000000de600000, 0x00000000eaa80000)
  object space 497664K, 65% used [0x00000000c0000000,0x00000000d407bc50,0x00000000de600000)
 PSPermGen       total 21504K, used 5825K [0x00000000bae00000, 0x00000000bc300000, 0x00000000c0000000)
  object space 21504K, 27% used [0x00000000bae00000,0x00000000bb3b0738,0x00000000bc300000)
}

